<?xml version="1.0" encoding="UTF-8"?>
<testsuite name="com.e2e.RegistrationTest" tests="1" skipped="0" failures="1" errors="0" timestamp="2022-09-20T07:24:37" hostname="DESKTOP-VUOO6U1" time="180.066">
  <properties/>
  <testcase name="testRegister_Success" classname="com.e2e.RegistrationTest" time="180.066">
    <failure message="org.openqa.selenium.TimeoutException: java.util.concurrent.TimeoutException&#10;Build info: version: '4.1.4', revision: '535d840ee2'&#10;System info: host: 'DESKTOP-VUOO6U1', ip: '192.168.8.102', os.name: 'Windows 11', os.arch: 'amd64', os.version: '10.0', java.version: '17.0.4.1'&#10;Driver info: org.openqa.selenium.firefox.FirefoxDriver&#10;Command: [4b42b083-3a14-42ed-ba45-35b4186cf2e1, get {url=http://wagner.wang/Identity/Account/Register}]&#10;Capabilities {acceptInsecureCerts: true, browserName: firefox, browserVersion: 104.0.2, javascriptEnabled: true, moz:accessibilityChecks: false, moz:buildID: 20220902153754, moz:debuggerAddress: localhost:55944, moz:geckodriverVersion: 0.31.0, moz:headless: false, moz:platformVersion: 10.0, moz:processID: 19580, moz:profile: C:\Users\PRIMES~1\AppData\L..., moz:shutdownTimeout: 60000, moz:useNonSpecCompliantPointerOrigin: false, moz:webdriverClick: true, moz:windowless: false, pageLoadStrategy: normal, platform: WINDOWS, platformName: WINDOWS, proxy: Proxy(), se:cdp: ws://localhost:55944/devtoo..., se:cdpVersion: 85.0, setWindowRect: true, strictFileInteractability: false, timeouts: {implicit: 0, pageLoad: 300000, script: 30000}, unhandledPromptBehavior: dismiss and notify}&#10;Session ID: 4b42b083-3a14-42ed-ba45-35b4186cf2e1" type="org.openqa.selenium.TimeoutException">org.openqa.selenium.TimeoutException: java.util.concurrent.TimeoutException
Build info: version: '4.1.4', revision: '535d840ee2'
System info: host: 'DESKTOP-VUOO6U1', ip: '192.168.8.102', os.name: 'Windows 11', os.arch: 'amd64', os.version: '10.0', java.version: '17.0.4.1'
Driver info: org.openqa.selenium.firefox.FirefoxDriver
Command: [4b42b083-3a14-42ed-ba45-35b4186cf2e1, get {url=http://wagner.wang/Identity/Account/Register}]
Capabilities {acceptInsecureCerts: true, browserName: firefox, browserVersion: 104.0.2, javascriptEnabled: true, moz:accessibilityChecks: false, moz:buildID: 20220902153754, moz:debuggerAddress: localhost:55944, moz:geckodriverVersion: 0.31.0, moz:headless: false, moz:platformVersion: 10.0, moz:processID: 19580, moz:profile: C:\Users\PRIMES~1\AppData\L..., moz:shutdownTimeout: 60000, moz:useNonSpecCompliantPointerOrigin: false, moz:webdriverClick: true, moz:windowless: false, pageLoadStrategy: normal, platform: WINDOWS, platformName: WINDOWS, proxy: Proxy(), se:cdp: ws://localhost:55944/devtoo..., se:cdpVersion: 85.0, setWindowRect: true, strictFileInteractability: false, timeouts: {implicit: 0, pageLoad: 300000, script: 30000}, unhandledPromptBehavior: dismiss and notify}
Session ID: 4b42b083-3a14-42ed-ba45-35b4186cf2e1
	at app//org.openqa.selenium.remote.http.netty.NettyHttpHandler.makeCall(NettyHttpHandler.java:65)
	at app//org.openqa.selenium.remote.http.AddSeleniumUserAgent.lambda$apply$0(AddSeleniumUserAgent.java:42)
	at app//org.openqa.selenium.remote.http.Filter.lambda$andFinally$1(Filter.java:56)
	at app//org.openqa.selenium.remote.http.netty.NettyHttpHandler.execute(NettyHttpHandler.java:49)
	at app//org.openqa.selenium.remote.http.AddSeleniumUserAgent.lambda$apply$0(AddSeleniumUserAgent.java:42)
	at app//org.openqa.selenium.remote.http.Filter.lambda$andFinally$1(Filter.java:56)
	at app//org.openqa.selenium.remote.http.netty.NettyClient.execute(NettyClient.java:97)
	at app//org.openqa.selenium.remote.HttpCommandExecutor.execute(HttpCommandExecutor.java:181)
	at app//org.openqa.selenium.remote.service.DriverCommandExecutor.invokeExecute(DriverCommandExecutor.java:167)
	at app//org.openqa.selenium.remote.service.DriverCommandExecutor.execute(DriverCommandExecutor.java:142)
	at app//org.openqa.selenium.remote.RemoteWebDriver.execute(RemoteWebDriver.java:567)
	at app//org.openqa.selenium.remote.RemoteWebDriver.get(RemoteWebDriver.java:330)
	at app//com.e2e.RegistrationTest.testRegister_Success(RegistrationTest.java:26)
	at java.base@17.0.4.1/jdk.internal.reflect.NativeMethodAccessorImpl.invoke0(Native Method)
	at java.base@17.0.4.1/jdk.internal.reflect.NativeMethodAccessorImpl.invoke(NativeMethodAccessorImpl.java:77)
	at java.base@17.0.4.1/jdk.internal.reflect.DelegatingMethodAccessorImpl.invoke(DelegatingMethodAccessorImpl.java:43)
	at java.base@17.0.4.1/java.lang.reflect.Method.invoke(Method.java:568)
	at app//org.testng.internal.invokers.MethodInvocationHelper.invokeMethod(MethodInvocationHelper.java:135)
	at app//org.testng.internal.invokers.TestInvoker.invokeMethod(TestInvoker.java:673)
	at app//org.testng.internal.invokers.TestInvoker.invokeTestMethod(TestInvoker.java:220)
	at app//org.testng.internal.invokers.MethodRunner.runInSequence(MethodRunner.java:50)
	at app//org.testng.internal.invokers.TestInvoker$MethodInvocationAgent.invoke(TestInvoker.java:945)
	at app//org.testng.internal.invokers.TestInvoker.invokeTestMethods(TestInvoker.java:193)
	at app//org.testng.internal.invokers.TestMethodWorker.invokeTestMethods(TestMethodWorker.java:146)
	at app//org.testng.internal.invokers.TestMethodWorker.run(TestMethodWorker.java:128)
	at java.base@17.0.4.1/java.util.ArrayList.forEach(ArrayList.java:1511)
	at app//org.testng.TestRunner.privateRun(TestRunner.java:808)
	at app//org.testng.TestRunner.run(TestRunner.java:603)
	at app//org.testng.SuiteRunner.runTest(SuiteRunner.java:429)
	at app//org.testng.SuiteRunner.runSequentially(SuiteRunner.java:423)
	at app//org.testng.SuiteRunner.privateRun(SuiteRunner.java:383)
	at app//org.testng.SuiteRunner.run(SuiteRunner.java:326)
	at app//org.testng.SuiteRunnerWorker.runSuite(SuiteRunnerWorker.java:52)
	at app//org.testng.SuiteRunnerWorker.run(SuiteRunnerWorker.java:95)
	at app//org.testng.TestNG.runSuitesSequentially(TestNG.java:1249)
	at app//org.testng.TestNG.runSuitesLocally(TestNG.java:1169)
	at app//org.testng.TestNG.runSuites(TestNG.java:1092)
	at app//org.testng.TestNG.run(TestNG.java:1060)
	at org.gradle.api.internal.tasks.testing.testng.TestNGTestClassProcessor.runTests(TestNGTestClassProcessor.java:141)
	at org.gradle.api.internal.tasks.testing.testng.TestNGTestClassProcessor.stop(TestNGTestClassProcessor.java:90)
	at org.gradle.api.internal.tasks.testing.SuiteTestClassProcessor.stop(SuiteTestClassProcessor.java:61)
	at java.base@17.0.4.1/jdk.internal.reflect.NativeMethodAccessorImpl.invoke0(Native Method)
	at java.base@17.0.4.1/jdk.internal.reflect.NativeMethodAccessorImpl.invoke(NativeMethodAccessorImpl.java:77)
	at java.base@17.0.4.1/jdk.internal.reflect.DelegatingMethodAccessorImpl.invoke(DelegatingMethodAccessorImpl.java:43)
	at java.base@17.0.4.1/java.lang.reflect.Method.invoke(Method.java:568)
	at org.gradle.internal.dispatch.ReflectionDispatch.dispatch(ReflectionDispatch.java:36)
	at org.gradle.internal.dispatch.ReflectionDispatch.dispatch(ReflectionDispatch.java:24)
	at org.gradle.internal.dispatch.ContextClassLoaderDispatch.dispatch(ContextClassLoaderDispatch.java:33)
	at org.gradle.internal.dispatch.ProxyDispatchAdapter$DispatchingInvocationHandler.invoke(ProxyDispatchAdapter.java:94)
	at jdk.proxy1/jdk.proxy1.$Proxy2.stop(Unknown Source)
	at org.gradle.api.internal.tasks.testing.worker.TestWorker$3.run(TestWorker.java:193)
	at org.gradle.api.internal.tasks.testing.worker.TestWorker.executeAndMaintainThreadName(TestWorker.java:129)
	at org.gradle.api.internal.tasks.testing.worker.TestWorker.execute(TestWorker.java:100)
	at org.gradle.api.internal.tasks.testing.worker.TestWorker.execute(TestWorker.java:60)
	at org.gradle.process.internal.worker.child.ActionExecutionWorker.execute(ActionExecutionWorker.java:56)
	at org.gradle.process.internal.worker.child.SystemApplicationClassLoaderWorker.call(SystemApplicationClassLoaderWorker.java:133)
	at org.gradle.process.internal.worker.child.SystemApplicationClassLoaderWorker.call(SystemApplicationClassLoaderWorker.java:71)
	at app//worker.org.gradle.process.internal.worker.GradleWorkerMain.run(GradleWorkerMain.java:69)
	at app//worker.org.gradle.process.internal.worker.GradleWorkerMain.main(GradleWorkerMain.java:74)
Caused by: java.util.concurrent.TimeoutException
	at java.base/java.util.concurrent.CompletableFuture.timedGet(CompletableFuture.java:1960)
	at java.base/java.util.concurrent.CompletableFuture.get(CompletableFuture.java:2095)
	at org.asynchttpclient.netty.NettyResponseFuture.get(NettyResponseFuture.java:206)
	at org.openqa.selenium.remote.http.netty.NettyHttpHandler.makeCall(NettyHttpHandler.java:59)
	... 58 more
</failure>
  </testcase>
  <system-out><![CDATA[09:24:37.477 [Forwarding get on session 4b42b083-3a14-42ed-ba45-35b4186cf2e1 to remote] DEBUG org.asynchttpclient.netty.request.NettyRequestSender - Using pooled Channel '[id: 0x5a053a92, L:/127.0.0.1:54730 - R:localhost/127.0.0.1:53181]' for 'POST' to 'http://localhost:53181/session/4b42b083-3a14-42ed-ba45-35b4186cf2e1/url'
09:24:37.478 [Forwarding get on session 4b42b083-3a14-42ed-ba45-35b4186cf2e1 to remote] DEBUG org.asynchttpclient.netty.request.NettyRequestSender - Using open Channel [id: 0x5a053a92, L:/127.0.0.1:54730 - R:localhost/127.0.0.1:53181] for POST '/session/4b42b083-3a14-42ed-ba45-35b4186cf2e1/url'
09:27:37.482 [AsyncHttpClient-1-1] DEBUG org.asynchttpclient.netty.timeout.TimeoutTimerTask - Request timeout to localhost/127.0.0.1:53181 after 180000 ms for NettyResponseFuture{currentRetry=0,
	isDone=0,
	isCancelled=0,
	asyncHandler=org.asynchttpclient.AsyncCompletionHandlerBase@14055afc,
	nettyRequest=org.asynchttpclient.netty.request.NettyRequest@61c87997,
	future=java.util.concurrent.CompletableFuture@1c8cd9[Not completed, 1 dependents],
	uri=http://localhost:53181/session/4b42b083-3a14-42ed-ba45-35b4186cf2e1/url,
	keepAlive=true,
	redirectCount=0,
	timeoutsHolder=org.asynchttpclient.netty.timeout.TimeoutsHolder@2e27dfca,
	inAuth=0,
	touch=1663658677481} after 180005 ms
09:27:37.483 [AsyncHttpClient-1-1] DEBUG org.asynchttpclient.netty.channel.ChannelManager - Closing Channel [id: 0x5a053a92, L:/127.0.0.1:54730 - R:localhost/127.0.0.1:53181] 
09:27:37.485 [AsyncHttpClient-1-2] DEBUG org.asynchttpclient.netty.handler.HttpHandler - Channel Closed: [id: 0x5a053a92, L:/127.0.0.1:54730 ! R:localhost/127.0.0.1:53181] with attribute DISCARD
09:27:37.485 [AsyncHttpClient-1-1] DEBUG org.asynchttpclient.netty.request.NettyRequestSender - Aborting Future NettyResponseFuture{currentRetry=0,
	isDone=0,
	isCancelled=0,
	asyncHandler=org.asynchttpclient.AsyncCompletionHandlerBase@14055afc,
	nettyRequest=org.asynchttpclient.netty.request.NettyRequest@61c87997,
	future=java.util.concurrent.CompletableFuture@1c8cd9[Not completed, 1 dependents],
	uri=http://localhost:53181/session/4b42b083-3a14-42ed-ba45-35b4186cf2e1/url,
	keepAlive=true,
	redirectCount=0,
	timeoutsHolder=org.asynchttpclient.netty.timeout.TimeoutsHolder@2e27dfca,
	inAuth=0,
	touch=1663658677481}

09:27:37.492 [AsyncHttpClient-1-1] DEBUG org.asynchttpclient.netty.request.NettyRequestSender - Request timeout to localhost/127.0.0.1:53181 after 180000 ms
java.util.concurrent.TimeoutException: Request timeout to localhost/127.0.0.1:53181 after 180000 ms
	at org.asynchttpclient.netty.timeout.TimeoutTimerTask.expire(TimeoutTimerTask.java:43)
	at org.asynchttpclient.netty.timeout.RequestTimeoutTimerTask.run(RequestTimeoutTimerTask.java:50)
	at io.netty.util.HashedWheelTimer$HashedWheelTimeout.run(HashedWheelTimer.java:715)
	at io.netty.util.concurrent.ImmediateExecutor.execute(ImmediateExecutor.java:34)
	at io.netty.util.HashedWheelTimer$HashedWheelTimeout.expire(HashedWheelTimer.java:703)
	at io.netty.util.HashedWheelTimer$HashedWheelBucket.expireTimeouts(HashedWheelTimer.java:790)
	at io.netty.util.HashedWheelTimer$Worker.run(HashedWheelTimer.java:503)
	at io.netty.util.concurrent.FastThreadLocalRunnable.run(FastThreadLocalRunnable.java:30)
	at java.base/java.lang.Thread.run(Thread.java:833)
09:27:37.493 [AsyncHttpClient-1-1] DEBUG org.asynchttpclient.AsyncCompletionHandler - Request timeout to localhost/127.0.0.1:53181 after 180000 ms
java.util.concurrent.TimeoutException: Request timeout to localhost/127.0.0.1:53181 after 180000 ms
	at org.asynchttpclient.netty.timeout.TimeoutTimerTask.expire(TimeoutTimerTask.java:43)
	at org.asynchttpclient.netty.timeout.RequestTimeoutTimerTask.run(RequestTimeoutTimerTask.java:50)
	at io.netty.util.HashedWheelTimer$HashedWheelTimeout.run(HashedWheelTimer.java:715)
	at io.netty.util.concurrent.ImmediateExecutor.execute(ImmediateExecutor.java:34)
	at io.netty.util.HashedWheelTimer$HashedWheelTimeout.expire(HashedWheelTimer.java:703)
	at io.netty.util.HashedWheelTimer$HashedWheelBucket.expireTimeouts(HashedWheelTimer.java:790)
	at io.netty.util.HashedWheelTimer$Worker.run(HashedWheelTimer.java:503)
	at io.netty.util.concurrent.FastThreadLocalRunnable.run(FastThreadLocalRunnable.java:30)
	at java.base/java.lang.Thread.run(Thread.java:833)
09:27:37.519 [AsyncHttpClient-1-4] DEBUG org.asynchttpclient.netty.channel.NettyConnectListener - Using new Channel '[id: 0xb63eed6d, L:/127.0.0.1:54795 - R:localhost/127.0.0.1:53181]' for 'GET' to '/session/4b42b083-3a14-42ed-ba45-35b4186cf2e1/screenshot'
09:29:37.614 [AsyncHttpClient-1-4] DEBUG org.asynchttpclient.netty.handler.HttpHandler - 

Request DefaultFullHttpRequest(decodeResult: success, version: HTTP/1.1, content: EmptyByteBufBE)
GET /session/4b42b083-3a14-42ed-ba45-35b4186cf2e1/screenshot HTTP/1.1
User-Agent: selenium/4.1.4 (java windows)
Cache-Control: no-cache
Content-Type: application/json; charset=utf-8
host: localhost:53181
accept: */*

Response DefaultHttpResponse(decodeResult: success, version: HTTP/1.1)
HTTP/1.1 200 OK
content-type: application/json; charset=utf-8
cache-control: no-cache
date: Tue, 20 Sep 2022 07:29:37 GMT
content-length: 105668

09:29:37.619 [AsyncHttpClient-1-4] DEBUG org.asynchttpclient.netty.channel.ChannelManager - Adding key: http://localhost:53181 for channel [id: 0xb63eed6d, L:/127.0.0.1:54795 - R:localhost/127.0.0.1:53181]
]]></system-out>
  <system-err><![CDATA[1663658739041	Marionette	WARN	Ignoring event 'pageshow' because document has an invalid readyState of 'interactive'.
]]></system-err>
</testsuite>
